[15-Mar-2025 17:59:51 Europe/Berlin] Profile picture upload error: No file uploaded
[15-Mar-2025 18:00:09 Europe/Berlin] Profile picture upload error: No file uploaded
[15-Mar-2025 18:00:12 Europe/Berlin] Profile picture upload error: No file uploaded
[17-Mar-2025 08:55:55 Europe/Berlin] Request received
[17-Mar-2025 08:55:55 Europe/Berlin] POST data: Array
(
)

[17-Mar-2025 08:55:55 Europe/Berlin] FILES data: Array
(
    [profile_pic] => Array
        (
            [name] => intoimage6.jpg
            [type] => image/jpeg
            [tmp_name] => C:\xampp\tmp\php713B.tmp
            [error] => 0
            [size] => 69506
        )

)

[17-Mar-2025 08:58:30 Europe/Berlin] Request received
[17-Mar-2025 08:58:30 Europe/Berlin] POST data: Array
(
    [full_name] => Harigovind
    [username] => Dluffy
    [email] => h4hari2003@gmail.com
    [mobile_no] => 6665524523
    [address] => Meenadom,Thakidi
)

[17-Mar-2025 08:59:46 Europe/Berlin] Request received
[17-Mar-2025 08:59:46 Europe/Berlin] POST data: Array
(
    [full_name] => Harigovind
    [username] => Pakan
    [email] => h4hari2003@gmail.com
    [mobile_no] => 6665524523
    [address] => Meenadom,Thakidi
)

[17-Mar-2025 09:02:24 Europe/Berlin] Request received
[17-Mar-2025 09:02:24 Europe/Berlin] POST data: Array
(
    [full_name] => Harigovind
    [username] => Pakan
    [email] => h4hari2003@gmail.com
    [mobile_no] => 6665524524
    [address] => Meenadom,Thakidi
)

[17-Mar-2025 09:04:08 Europe/Berlin] Request received
[17-Mar-2025 09:04:08 Europe/Berlin] POST data: Array
(
    [full_name] => Harigovind
    [username] => luffy
    [email] => h4hari2003@gmail.com
    [mobile_no] => 6665524524
    [address] => Meenadom,Thakidi
)

[17-Mar-2025 09:55:40 Europe/Berlin] Request received
[17-Mar-2025 09:55:40 Europe/Berlin] POST data: Array
(
)

[17-Mar-2025 09:55:40 Europe/Berlin] FILES data: Array
(
    [profile_pic] => Array
        (
            [name] => imageintro4.jpg
            [type] => image/jpeg
            [tmp_name] => C:\xampp\tmp\php25F0.tmp
            [error] => 0
            [size] => 166524
        )

)

[17-Mar-2025 09:55:47 Europe/Berlin] Request received
[17-Mar-2025 09:55:47 Europe/Berlin] POST data: Array
(
    [full_name] => Harigovind
    [username] => luffy
    [email] => h4hari2003@gmail.com
    [mobile_no] => 6665524524
    [address] => Meenadom,Thakidi
)

[18-Mar-2025 04:50:23 Europe/Berlin] Request received
[18-Mar-2025 04:50:23 Europe/Berlin] POST data: Array
(
    [full_name] => Staff
    [email] => harigovinddnair2027@mca.ajce.in
    [mobile_no] => 9875456544
    [address] => 26th street
)

[18-Mar-2025 04:50:23 Europe/Berlin] Profile update error: All fields are required
[18-Mar-2025 04:50:39 Europe/Berlin] Request received
[18-Mar-2025 04:50:39 Europe/Berlin] POST data: Array
(
    [full_name] => Trainer
    [email] => harigovinddnair2027@mca.ajce.in
    [mobile_no] => 9875456544
    [address] => 26th street
)

[18-Mar-2025 04:50:39 Europe/Berlin] Profile update error: All fields are required
[18-Mar-2025 04:50:40 Europe/Berlin] Request received
[18-Mar-2025 04:50:40 Europe/Berlin] POST data: Array
(
    [full_name] => Trainer
    [email] => harigovinddnair2027@mca.ajce.in
    [mobile_no] => 9875456544
    [address] => 26th street
)

[18-Mar-2025 04:50:40 Europe/Berlin] Profile update error: All fields are required
[18-Mar-2025 06:23:31 Europe/Berlin] Request received
[18-Mar-2025 06:23:31 Europe/Berlin] POST data: Array
(
    [full_name] => Arnold
    [username] => arnold
    [email] => harigovinddnair2027@mca.ajce.in
    [mobile_no] => 9567917692
    [address] => 26th street
)

[18-Mar-2025 06:23:50 Europe/Berlin] Request received
[18-Mar-2025 06:23:50 Europe/Berlin] POST data: Array
(
)

[18-Mar-2025 06:23:50 Europe/Berlin] FILES data: Array
(
    [profile_pic] => Array
        (
            [name] => intoimage6.jpg
            [type] => image/jpeg
            [tmp_name] => C:\xampp\tmp\phpD37A.tmp
            [error] => 0
            [size] => 69506
        )

)

[18-Mar-2025 06:23:55 Europe/Berlin] Request received
[18-Mar-2025 06:23:55 Europe/Berlin] POST data: Array
(
    [full_name] => Arnold
    [username] => arnold
    [email] => harigovinddnair2027@mca.ajce.in
    [mobile_no] => 9567917692
    [address] => 26th street
)

[18-Mar-2025 07:17:40 Europe/Berlin] Request received
[18-Mar-2025 07:17:40 Europe/Berlin] POST data: Array
(
    [full_name] => Arnold
    [username] => arnold
    [email] => harigovinddnair2027@mca.ajce.in
    [mobile_no] => 9567917692
    [address] => 26th street
)

[18-Mar-2025 07:22:02 Europe/Berlin] Request received
[18-Mar-2025 07:22:02 Europe/Berlin] POST data: Array
(
    [full_name] => Arnold
    [username] => arnold
    [email] => harigovinddnair2027@mca.ajce.in
    [mobile_no] => 9567917692
    [address] => 26th street
)

[18-Mar-2025 07:22:47 Europe/Berlin] Request received
[18-Mar-2025 07:22:47 Europe/Berlin] POST data: Array
(
    [full_name] => Arnold
    [username] => arnold
    [email] => harigovinddnair2027@mca.ajce.in
    [mobile_no] => 9567917692
    [address] => 26th street
)

[18-Mar-2025 07:25:08 Europe/Berlin] Request received
[18-Mar-2025 07:25:08 Europe/Berlin] POST data: Array
(
    [full_name] => Arnold
    [username] => arnold
    [email] => harigovinddnair2027@mca.ajce.in
    [mobile_no] => 9567917692
    [address] => 26th street
)

[18-Mar-2025 07:28:14 Europe/Berlin] Request received
[18-Mar-2025 07:28:14 Europe/Berlin] POST data: Array
(
    [full_name] => Arnold
    [username] => arnold
    [email] => harigovinddnair2027@mca.ajce.in
    [mobile_no] => 9567917692
    [address] => 26th street
)

[18-Mar-2025 07:29:55 Europe/Berlin] Request received
[18-Mar-2025 07:29:55 Europe/Berlin] POST data: Array
(
    [full_name] => Arnold
    [username] => arnold
    [email] => harigovinddnair2027@mca.ajce.in
    [mobile_no] => 9567917692
    [address] => 26th street
)

[18-Mar-2025 07:31:57 Europe/Berlin] Request received
[18-Mar-2025 07:31:57 Europe/Berlin] POST data: Array
(
    [full_name] => Arnold
    [username] => arnold
    [email] => harigovinddnair2027@mca.ajce.in
    [mobile_no] => 9567917692
    [address] => 26th street
)

[18-Mar-2025 07:33:22 Europe/Berlin] Request received
[18-Mar-2025 07:33:22 Europe/Berlin] POST data: Array
(
    [full_name] => Arnold
    [username] => arnold
    [email] => harigovinddnair2027@mca.ajce.in
    [mobile_no] => 9567917692
    [address] => 26th street
)

[18-Mar-2025 07:35:35 Europe/Berlin] Request received
[18-Mar-2025 07:35:35 Europe/Berlin] POST data: Array
(
    [full_name] => Arnold
    [username] => arnold
    [email] => harigovinddnair2027@mca.ajce.in
    [mobile_no] => 9567917692
    [address] => 26th street
)

[18-Mar-2025 07:38:58 Europe/Berlin] Request received
[18-Mar-2025 07:38:58 Europe/Berlin] POST data: Array
(
    [full_name] => Arnold
    [username] => arnold
    [email] => harigovinddnair2027@mca.ajce.in
    [mobile_no] => 9567917692
    [address] => 26th street
)

[18-Mar-2025 17:45:22 Europe/Berlin] Request received
[18-Mar-2025 17:45:22 Europe/Berlin] POST data: Array
(
    [full_name] => Arnold
    [username] => arnold
    [email] => harigovinddnair2027@mca.ajce.in
    [mobile_no] => 9567917692
    [address] => 26th street
)

[18-Mar-2025 17:56:21 Europe/Berlin] Request received
[18-Mar-2025 17:56:21 Europe/Berlin] POST data: Array
(
    [full_name] => Arnold
    [username] => arnold
    [email] => harigovinddnair2027@mca.ajce.in
    [mobile_no] => 9567917692
    [address] => 26th street
)

[18-Mar-2025 17:56:21 Europe/Berlin] Profile update error: Failed to prepare register statement: Unknown column 'session_time' in 'field list'
[18-Mar-2025 17:56:21 Europe/Berlin] PHP Fatal error:  Uncaught Error: Call to a member function close() on bool in C:\xampp\htdocs\miniproject2\database gym\update_profile.php:109
Stack trace:
#0 {main}
  thrown in C:\xampp\htdocs\miniproject2\database gym\update_profile.php on line 109
[18-Mar-2025 17:56:55 Europe/Berlin] Request received
[18-Mar-2025 17:56:55 Europe/Berlin] POST data: Array
(
    [full_name] => Arnold
    [username] => arnold
    [email] => harigovinddnair2027@mca.ajce.in
    [mobile_no] => 9567917692
    [address] => 26th street
)

[18-Mar-2025 18:04:04 Europe/Berlin] Request received
[18-Mar-2025 18:04:04 Europe/Berlin] POST data: Array
(
    [full_name] => Arnold
    [username] => arnold
    [email] => harigovinddnair2027@mca.ajce.in
    [mobile_no] => 9567917692
    [address] => 26th street
)

[18-Mar-2025 18:04:35 Europe/Berlin] Request received
[18-Mar-2025 18:04:35 Europe/Berlin] POST data: Array
(
    [full_name] => Arnold
    [username] => arnold
    [email] => harigovinddnair2027@mca.ajce.in
    [mobile_no] => 9567917692
    [address] => 26th street
)

[18-Mar-2025 18:06:16 Europe/Berlin] Request received
[18-Mar-2025 18:06:16 Europe/Berlin] POST data: Array
(
    [full_name] => Arnoldschwarzenegger
    [username] => arnold
    [email] => harigovinddnair2027@mca.ajce.in
    [mobile_no] => 9567917692
    [address] => 26th street
)

[18-Mar-2025 18:15:42 Europe/Berlin] Request received
[18-Mar-2025 18:15:42 Europe/Berlin] POST data: Array
(
    [full_name] => Harigovind
    [username] => luffy
    [email] => h4hari2003@gmail.com
    [mobile_no] => 6665524524
    [address] => Meenadom,Thakidi
)

[18-Mar-2025 18:53:28 Europe/Berlin] Request received
[18-Mar-2025 18:53:28 Europe/Berlin] POST data: Array
(
    [full_name] => Arnoldschwarzenegger
    [username] => arnold
    [email] => harigovinddnair2027@mca.ajce.in
    [mobile_no] => 9567917692
    [address] => 26th street
)

[18-Mar-2025 18:54:56 Europe/Berlin] Request received
[18-Mar-2025 18:54:56 Europe/Berlin] POST data: Array
(
)

[18-Mar-2025 18:54:56 Europe/Berlin] FILES data: Array
(
    [profile_pic] => Array
        (
            [name] => images.jpg
            [type] => image/jpeg
            [tmp_name] => C:\xampp\tmp\phpA978.tmp
            [error] => 0
            [size] => 5328
        )

)

[18-Mar-2025 18:55:03 Europe/Berlin] Request received
[18-Mar-2025 18:55:03 Europe/Berlin] POST data: Array
(
    [full_name] => Arnoldschwarzenegger
    [username] => arnold
    [email] => harigovinddnair2027@mca.ajce.in
    [mobile_no] => 9567917692
    [address] => 26th street
)

[18-Mar-2025 19:48:39 Europe/Berlin] Request received
[18-Mar-2025 19:48:39 Europe/Berlin] POST data: Array
(
    [full_name] => Harigovind
    [username] => hari04
    [email] => h4hari2003@gmail.com
    [mobile_no] => 6665524524
    [address] => Meenadom,Thakidi
)

[19-Mar-2025 04:15:53 Europe/Berlin] Request received
[19-Mar-2025 04:15:53 Europe/Berlin] POST data: Array
(
    [full_name] => Arnoldschwarzenegger
    [username] => arnold
    [email] => harigovinddnair2027@mca.ajce.in
    [mobile_no] => 9567917692
    [address] => 26th street
)

[19-Mar-2025 09:00:11 Europe/Berlin] Request received
[19-Mar-2025 09:00:11 Europe/Berlin] POST data: Array
(
    [full_name] => Harigovind
    [username] => hari04
    [email] => h4hari2003@gmail.com
    [mobile_no] => 6665524524
    [address] => Meenadom,Thakidi
)

[20-Mar-2025 18:52:01 Europe/Berlin] Request received
[20-Mar-2025 18:52:01 Europe/Berlin] POST data: Array
(
)

[20-Mar-2025 18:52:01 Europe/Berlin] FILES data: Array
(
    [profile_pic] => Array
        (
            [name] => rock.jpg
            [type] => image/jpeg
            [tmp_name] => C:\xampp\tmp\php6A1D.tmp
            [error] => 0
            [size] => 83860
        )

)

[20-Mar-2025 18:52:06 Europe/Berlin] Request received
[20-Mar-2025 18:52:06 Europe/Berlin] POST data: Array
(
    [full_name] => Harigovind
    [username] => hari04
    [email] => h4hari2003@gmail.com
    [mobile_no] => 6665524524
    [address] => Meenadom,Thakidi
)

[23-Mar-2025 14:11:03 Europe/Berlin] Request received
[23-Mar-2025 14:11:03 Europe/Berlin] POST data: Array
(
    [full_name] => Arnoldschwarzenegger
    [username] => arnold
    [email] => harigovinddnair2027@mca.ajce.in
    [mobile_no] => 9567917692
    [address] => 26th streets
)

[23-Mar-2025 19:32:23 Europe/Berlin] Request received
[23-Mar-2025 19:32:23 Europe/Berlin] POST data: Array
(
)

[23-Mar-2025 19:32:23 Europe/Berlin] FILES data: Array
(
    [profile_pic] => Array
        (
            [name] => profile_42_1742320496.jpg
            [type] => image/jpeg
            [tmp_name] => C:\xampp\tmp\php68B.tmp
            [error] => 0
            [size] => 5328
        )

)

[23-Mar-2025 19:32:38 Europe/Berlin] Request received
[23-Mar-2025 19:32:38 Europe/Berlin] POST data: Array
(
    [full_name] => Arnold
    [username] => arnold
    [email] => harigovinddnair2027@mca.ajce.in
    [mobile_no] => 6574568564
    [address] => 26th street
)

[24-Mar-2025 10:41:42 Europe/Berlin] Request received
[24-Mar-2025 10:41:42 Europe/Berlin] POST data: Array
(
)

[24-Mar-2025 10:41:42 Europe/Berlin] FILES data: Array
(
    [profile_pic] => Array
        (
            [name] => profile_34_1742198155.jpg
            [type] => image/jpeg
            [tmp_name] => C:\xampp\tmp\php12D1.tmp
            [error] => 0
            [size] => 69506
        )

)

[24-Mar-2025 10:41:46 Europe/Berlin] Request received
[24-Mar-2025 10:41:46 Europe/Berlin] POST data: Array
(
    [full_name] => Harigovind
    [username] => hari04
    [email] => h4hari2003@gmail.com
    [mobile_no] => 6665524524
    [address] => Meenadom,Thakidi
)

[24-Mar-2025 10:55:56 Europe/Berlin] Request received
[24-Mar-2025 10:55:56 Europe/Berlin] POST data: Array
(
)

[24-Mar-2025 10:55:56 Europe/Berlin] FILES data: Array
(
    [profile_pic] => Array
        (
            [name] => profile_34_1741792036.jpg
            [type] => image/jpeg
            [tmp_name] => C:\xampp\tmp\php1881.tmp
            [error] => 0
            [size] => 243205
        )

)

[24-Mar-2025 10:55:59 Europe/Berlin] Request received
[24-Mar-2025 10:55:59 Europe/Berlin] POST data: Array
(
    [full_name] => Harigovind
    [username] => hari04
    [email] => h4hari2003@gmail.com
    [mobile_no] => 6665524524
    [address] => Meenadom,Thakidi
)

[25-Mar-2025 06:39:22 Europe/Berlin] Request received
[25-Mar-2025 06:39:22 Europe/Berlin] POST data: Array
(
)

[25-Mar-2025 06:39:22 Europe/Berlin] FILES data: Array
(
    [profile_pic] => Array
        (
            [name] => profile_34_1741939162.jpg
            [type] => image/jpeg
            [tmp_name] => C:\xampp\tmp\php82A0.tmp
            [error] => 0
            [size] => 2708581
        )

)

[25-Mar-2025 06:39:40 Europe/Berlin] Request received
[25-Mar-2025 06:39:40 Europe/Berlin] POST data: Array
(
    [full_name] => Jake Jimmy
    [username] => Jake012
    [email] => jake123@gmail.com
    [mobile_no] => 7145286522
    [address] => Thalayolaparamb
)

[02-Apr-2025 08:51:11 Europe/Berlin] Request received
[02-Apr-2025 08:51:11 Europe/Berlin] POST data: Array
(
)

[02-Apr-2025 08:51:11 Europe/Berlin] FILES data: Array
(
    [profile_pic] => Array
        (
            [name] => aadhar.jpg
            [type] => image/jpeg
            [tmp_name] => C:\xampp\tmp\php7B42.tmp
            [error] => 0
            [size] => 572306
        )

)

[02-Apr-2025 08:51:22 Europe/Berlin] Request received
[02-Apr-2025 08:51:22 Europe/Berlin] POST data: Array
(
    [full_name] => Amal babu
    [username] => amal
    [email] => amalbabu1080@gmail.com
    [mobile_no] => 9745262628
    [address] => mundakyam
)

[05-Apr-2025 08:17:26 Europe/Berlin] Current session data: Array
(
    [email] => harigovinddnair2027@mca.ajce.in
    [name] => Arnold
    [address] => 26th street
    [mobile] => 6574568564
    [gender] => Male
    [date] => 2025-03-23 23:50:46
    [role] => staff
    [user_id] => 59
)

[05-Apr-2025 08:19:35 Europe/Berlin] Current session data: Array
(
    [email] => harigovinddnair2027@mca.ajce.in
    [name] => Arnold
    [address] => 26th street
    [mobile] => 6574568564
    [gender] => Male
    [date] => 2025-03-23 23:50:46
    [role] => staff
    [user_id] => 59
)

[05-Apr-2025 08:19:42 Europe/Berlin] Current session data: Array
(
    [email] => harigovinddnair2027@mca.ajce.in
    [name] => Arnold
    [address] => 26th street
    [mobile] => 6574568564
    [gender] => Male
    [date] => 2025-03-23 23:50:46
    [role] => staff
    [user_id] => 59
)

[05-Apr-2025 08:19:42 Europe/Berlin] Current session data: Array
(
    [email] => harigovinddnair2027@mca.ajce.in
    [name] => Arnold
    [address] => 26th street
    [mobile] => 6574568564
    [gender] => Male
    [date] => 2025-03-23 23:50:46
    [role] => staff
    [user_id] => 59
    [max_capacity] => 3
)

[05-Apr-2025 08:22:10 Europe/Berlin] Current session data: Array
(
    [email] => harigovinddnair2027@mca.ajce.in
    [name] => Arnold
    [address] => 26th street
    [mobile] => 6574568564
    [gender] => Male
    [date] => 2025-03-23 23:50:46
    [role] => staff
    [user_id] => 59
    [max_capacity] => 3
)

[05-Apr-2025 08:22:11 Europe/Berlin] Current session data: Array
(
    [email] => harigovinddnair2027@mca.ajce.in
    [name] => Arnold
    [address] => 26th street
    [mobile] => 6574568564
    [gender] => Male
    [date] => 2025-03-23 23:50:46
    [role] => staff
    [user_id] => 59
    [max_capacity] => 3
)

[05-Apr-2025 08:25:25 Europe/Berlin] Current session data: Array
(
    [email] => harigovinddnair2027@mca.ajce.in
    [name] => Arnold
    [address] => 26th street
    [mobile] => 6574568564
    [gender] => Male
    [date] => 2025-03-23 23:50:46
    [role] => staff
    [user_id] => 59
)

[05-Apr-2025 08:25:38 Europe/Berlin] Current session data: Array
(
    [email] => harigovinddnair2027@mca.ajce.in
    [name] => Arnold
    [address] => 26th street
    [mobile] => 6574568564
    [gender] => Male
    [date] => 2025-03-23 23:50:46
    [role] => staff
    [user_id] => 59
)

[05-Apr-2025 08:25:38 Europe/Berlin] PHP Warning:  Undefined array key "date" in C:\xampp\htdocs\miniproject2\database gym\view_bookings.php on line 25
[05-Apr-2025 08:25:38 Europe/Berlin] Current session data: Array
(
    [email] => harigovinddnair2027@mca.ajce.in
    [name] => Arnold
    [address] => 26th street
    [mobile] => 6574568564
    [gender] => Male
    [date] => 2025-03-23 23:50:46
    [role] => staff
    [user_id] => 59
    [max_capacity] => 3
)

[05-Apr-2025 08:27:38 Europe/Berlin] Current session data: Array
(
    [email] => harigovinddnair2027@mca.ajce.in
    [name] => Arnold
    [address] => 26th street
    [mobile] => 6574568564
    [gender] => Male
    [date] => 2025-03-23 23:50:46
    [role] => staff
    [user_id] => 59
)

[05-Apr-2025 08:27:39 Europe/Berlin] Current session data: Array
(
    [email] => harigovinddnair2027@mca.ajce.in
    [name] => Arnold
    [address] => 26th street
    [mobile] => 6574568564
    [gender] => Male
    [date] => 2025-03-23 23:50:46
    [role] => staff
    [user_id] => 59
)

[05-Apr-2025 08:27:47 Europe/Berlin] Current session data: Array
(
    [email] => harigovinddnair2027@mca.ajce.in
    [name] => Arnold
    [address] => 26th street
    [mobile] => 6574568564
    [gender] => Male
    [date] => 2025-03-23 23:50:46
    [role] => staff
    [user_id] => 59
)

[05-Apr-2025 08:27:47 Europe/Berlin] PHP Warning:  Undefined array key "date" in C:\xampp\htdocs\miniproject2\database gym\view_bookings.php on line 26
[05-Apr-2025 08:27:47 Europe/Berlin] Current session data: Array
(
    [email] => harigovinddnair2027@mca.ajce.in
    [name] => Arnold
    [address] => 26th street
    [mobile] => 6574568564
    [gender] => Male
    [date] => 2025-03-23 23:50:46
    [role] => staff
    [user_id] => 59
    [max_capacity] => 3
)

[05-Apr-2025 08:29:37 Europe/Berlin] Current session data: Array
(
    [email] => harigovinddnair2027@mca.ajce.in
    [name] => Arnold
    [address] => 26th street
    [mobile] => 6574568564
    [gender] => Male
    [date] => 2025-03-23 23:50:46
    [role] => staff
    [user_id] => 59
    [max_capacity] => 3
)

[05-Apr-2025 08:37:14 Europe/Berlin] Current session data: Array
(
    [email] => harigovinddnair2027@mca.ajce.in
    [name] => Arnold
    [address] => 26th street
    [mobile] => 6574568564
    [gender] => Male
    [date] => 2025-03-23 23:50:46
    [role] => staff
    [user_id] => 59
)

[05-Apr-2025 08:37:24 Europe/Berlin] Current session data: Array
(
    [email] => harigovinddnair2027@mca.ajce.in
    [name] => Arnold
    [address] => 26th street
    [mobile] => 6574568564
    [gender] => Male
    [date] => 2025-03-23 23:50:46
    [role] => staff
    [user_id] => 59
)

[05-Apr-2025 08:37:24 Europe/Berlin] PHP Warning:  Undefined array key "date" in C:\xampp\htdocs\miniproject2\database gym\view_bookings.php on line 26
[05-Apr-2025 08:37:24 Europe/Berlin] Current session data: Array
(
    [email] => harigovinddnair2027@mca.ajce.in
    [name] => Arnold
    [address] => 26th street
    [mobile] => 6574568564
    [gender] => Male
    [date] => 2025-03-23 23:50:46
    [role] => staff
    [user_id] => 59
    [max_capacity] => 3
)

[05-Apr-2025 08:37:30 Europe/Berlin] Current session data: Array
(
    [email] => harigovinddnair2027@mca.ajce.in
    [name] => Arnold
    [address] => 26th street
    [mobile] => 6574568564
    [gender] => Male
    [date] => 2025-03-23 23:50:46
    [role] => staff
    [user_id] => 59
    [max_capacity] => 3
)

[05-Apr-2025 08:41:09 Europe/Berlin] Current session data: Array
(
    [email] => harigovinddnair2027@mca.ajce.in
    [name] => Arnold
    [address] => 26th street
    [mobile] => 6574568564
    [gender] => Male
    [date] => 2025-03-23 23:50:46
    [role] => staff
    [user_id] => 59
)

[05-Apr-2025 08:41:11 Europe/Berlin] Current session data: Array
(
    [email] => harigovinddnair2027@mca.ajce.in
    [name] => Arnold
    [address] => 26th street
    [mobile] => 6574568564
    [gender] => Male
    [date] => 2025-03-23 23:50:46
    [role] => staff
    [user_id] => 59
)

[05-Apr-2025 08:41:16 Europe/Berlin] Current session data: Array
(
    [email] => harigovinddnair2027@mca.ajce.in
    [name] => Arnold
    [address] => 26th street
    [mobile] => 6574568564
    [gender] => Male
    [date] => 2025-03-23 23:50:46
    [role] => staff
    [user_id] => 59
)

[05-Apr-2025 08:41:20 Europe/Berlin] Current session data: Array
(
    [email] => harigovinddnair2027@mca.ajce.in
    [name] => Arnold
    [address] => 26th street
    [mobile] => 6574568564
    [gender] => Male
    [date] => 2025-03-23 23:50:46
    [role] => staff
    [user_id] => 59
)

[05-Apr-2025 08:41:30 Europe/Berlin] Current session data: Array
(
    [email] => harigovinddnair2027@mca.ajce.in
    [name] => Arnold
    [address] => 26th street
    [mobile] => 6574568564
    [gender] => Male
    [date] => 2025-03-23 23:50:46
    [role] => staff
    [user_id] => 59
)

[05-Apr-2025 08:41:30 Europe/Berlin] Current session data: Array
(
    [email] => harigovinddnair2027@mca.ajce.in
    [name] => Arnold
    [address] => 26th street
    [mobile] => 6574568564
    [gender] => Male
    [date] => 2025-03-23 23:50:46
    [role] => staff
    [user_id] => 59
    [max_capacity] => 3
)

[05-Apr-2025 08:41:43 Europe/Berlin] Current session data: Array
(
    [email] => harigovinddnair2027@mca.ajce.in
    [name] => Arnold
    [address] => 26th street
    [mobile] => 6574568564
    [gender] => Male
    [date] => 2025-03-23 23:50:46
    [role] => staff
    [user_id] => 59
    [max_capacity] => 3
)

[05-Apr-2025 08:42:15 Europe/Berlin] Current session data: Array
(
    [email] => harigovinddnair2027@mca.ajce.in
    [name] => Arnold
    [address] => 26th street
    [mobile] => 6574568564
    [gender] => Male
    [date] => 2025-03-23 23:50:46
    [role] => staff
    [user_id] => 59
)

[05-Apr-2025 08:46:53 Europe/Berlin] Current session data: Array
(
    [email] => harigovinddnair2027@mca.ajce.in
    [name] => Arnold
    [address] => 26th street
    [mobile] => 6574568564
    [gender] => Male
    [date] => 2025-03-23 23:50:46
    [role] => staff
    [user_id] => 59
)

[05-Apr-2025 08:49:24 Europe/Berlin] Current session data: Array
(
    [email] => harigovinddnair2027@mca.ajce.in
    [name] => Arnold
    [address] => 26th street
    [mobile] => 6574568564
    [gender] => Male
    [date] => 2025-03-23 23:50:46
    [role] => staff
    [user_id] => 59
)

[05-Apr-2025 08:49:42 Europe/Berlin] Current session data: Array
(
    [email] => harigovinddnair2027@mca.ajce.in
    [name] => Arnold
    [address] => 26th street
    [mobile] => 6574568564
    [gender] => Male
    [date] => 2025-03-23 23:50:46
    [role] => staff
    [user_id] => 59
)

[05-Apr-2025 08:49:42 Europe/Berlin] PHP Warning:  Undefined array key "date" in C:\xampp\htdocs\miniproject2\database gym\view_bookings.php on line 26
[05-Apr-2025 08:49:42 Europe/Berlin] Current session data: Array
(
    [email] => harigovinddnair2027@mca.ajce.in
    [name] => Arnold
    [address] => 26th street
    [mobile] => 6574568564
    [gender] => Male
    [date] => 2025-03-23 23:50:46
    [role] => staff
    [user_id] => 59
    [max_capacity] => 3
)

[05-Apr-2025 08:49:50 Europe/Berlin] Current session data: Array
(
    [email] => harigovinddnair2027@mca.ajce.in
    [name] => Arnold
    [address] => 26th street
    [mobile] => 6574568564
    [gender] => Male
    [date] => 2025-03-23 23:50:46
    [role] => staff
    [user_id] => 59
    [max_capacity] => 3
)

[05-Apr-2025 08:50:01 Europe/Berlin] Current session data: Array
(
    [email] => harigovinddnair2027@mca.ajce.in
    [name] => Arnold
    [address] => 26th street
    [mobile] => 6574568564
    [gender] => Male
    [date] => 2025-03-23 23:50:46
    [role] => staff
    [user_id] => 59
)

[05-Apr-2025 08:51:40 Europe/Berlin] Current session data: Array
(
    [email] => harigovinddnair2027@mca.ajce.in
    [name] => Arnold
    [address] => 26th street
    [mobile] => 6574568564
    [gender] => Male
    [date] => 2025-03-23 23:50:46
    [role] => staff
    [user_id] => 59
)

[05-Apr-2025 08:51:40 Europe/Berlin] Current session data: Array
(
    [email] => harigovinddnair2027@mca.ajce.in
    [name] => Arnold
    [address] => 26th street
    [mobile] => 6574568564
    [gender] => Male
    [date] => 2025-03-23 23:50:46
    [role] => staff
    [user_id] => 59
)

[05-Apr-2025 08:51:41 Europe/Berlin] Current session data: Array
(
    [email] => harigovinddnair2027@mca.ajce.in
    [name] => Arnold
    [address] => 26th street
    [mobile] => 6574568564
    [gender] => Male
    [date] => 2025-03-23 23:50:46
    [role] => staff
    [user_id] => 59
)

[05-Apr-2025 08:51:46 Europe/Berlin] Current session data: Array
(
    [email] => harigovinddnair2027@mca.ajce.in
    [name] => Arnold
    [address] => 26th street
    [mobile] => 6574568564
    [gender] => Male
    [date] => 2025-03-23 23:50:46
    [role] => staff
    [user_id] => 59
)

[05-Apr-2025 08:51:46 Europe/Berlin] PHP Warning:  Undefined array key "date" in C:\xampp\htdocs\miniproject2\database gym\view_bookings.php on line 26
[05-Apr-2025 08:51:46 Europe/Berlin] Current session data: Array
(
    [email] => harigovinddnair2027@mca.ajce.in
    [name] => Arnold
    [address] => 26th street
    [mobile] => 6574568564
    [gender] => Male
    [date] => 2025-03-23 23:50:46
    [role] => staff
    [user_id] => 59
    [max_capacity] => 3
)

[05-Apr-2025 08:51:51 Europe/Berlin] Current session data: Array
(
    [email] => harigovinddnair2027@mca.ajce.in
    [name] => Arnold
    [address] => 26th street
    [mobile] => 6574568564
    [gender] => Male
    [date] => 2025-03-23 23:50:46
    [role] => staff
    [user_id] => 59
    [max_capacity] => 3
)

[05-Apr-2025 08:52:01 Europe/Berlin] Current session data: Array
(
    [email] => harigovinddnair2027@mca.ajce.in
    [name] => Arnold
    [address] => 26th street
    [mobile] => 6574568564
    [gender] => Male
    [date] => 2025-03-23 23:50:46
    [role] => staff
    [user_id] => 59
    [max_capacity] => 3
)

[05-Apr-2025 08:52:11 Europe/Berlin] Current session data: Array
(
    [email] => harigovinddnair2027@mca.ajce.in
    [name] => Arnold
    [address] => 26th street
    [mobile] => 6574568564
    [gender] => Male
    [date] => 2025-03-23 23:50:46
    [role] => staff
    [user_id] => 59
    [max_capacity] => 3
)

[05-Apr-2025 08:52:12 Europe/Berlin] Current session data: Array
(
    [email] => harigovinddnair2027@mca.ajce.in
    [name] => Arnold
    [address] => 26th street
    [mobile] => 6574568564
    [gender] => Male
    [date] => 2025-03-23 23:50:46
    [role] => staff
    [user_id] => 59
    [max_capacity] => 3
)

[05-Apr-2025 08:52:14 Europe/Berlin] Current session data: Array
(
    [email] => harigovinddnair2027@mca.ajce.in
    [name] => Arnold
    [address] => 26th street
    [mobile] => 6574568564
    [gender] => Male
    [date] => 2025-03-23 23:50:46
    [role] => staff
    [user_id] => 59
    [max_capacity] => 3
)

[05-Apr-2025 08:52:14 Europe/Berlin] Current session data: Array
(
    [email] => harigovinddnair2027@mca.ajce.in
    [name] => Arnold
    [address] => 26th street
    [mobile] => 6574568564
    [gender] => Male
    [date] => 2025-03-23 23:50:46
    [role] => staff
    [user_id] => 59
    [max_capacity] => 3
)

[05-Apr-2025 08:52:14 Europe/Berlin] Current session data: Array
(
    [email] => harigovinddnair2027@mca.ajce.in
    [name] => Arnold
    [address] => 26th street
    [mobile] => 6574568564
    [gender] => Male
    [date] => 2025-03-23 23:50:46
    [role] => staff
    [user_id] => 59
    [max_capacity] => 3
)

[05-Apr-2025 08:52:14 Europe/Berlin] Current session data: Array
(
    [email] => harigovinddnair2027@mca.ajce.in
    [name] => Arnold
    [address] => 26th street
    [mobile] => 6574568564
    [gender] => Male
    [date] => 2025-03-23 23:50:46
    [role] => staff
    [user_id] => 59
    [max_capacity] => 3
)

[05-Apr-2025 08:52:15 Europe/Berlin] Current session data: Array
(
    [email] => harigovinddnair2027@mca.ajce.in
    [name] => Arnold
    [address] => 26th street
    [mobile] => 6574568564
    [gender] => Male
    [date] => 2025-03-23 23:50:46
    [role] => staff
    [user_id] => 59
    [max_capacity] => 3
)

[05-Apr-2025 08:52:15 Europe/Berlin] Current session data: Array
(
    [email] => harigovinddnair2027@mca.ajce.in
    [name] => Arnold
    [address] => 26th street
    [mobile] => 6574568564
    [gender] => Male
    [date] => 2025-03-23 23:50:46
    [role] => staff
    [user_id] => 59
    [max_capacity] => 3
)

[05-Apr-2025 08:52:42 Europe/Berlin] Current session data: Array
(
    [error_message] => Invalid password!
    [email] => harigovinddnair2027@mca.ajce.in
    [name] => Arnold
    [address] => 26th street
    [mobile] => 6574568564
    [gender] => Male
    [date] => 2025-03-23 23:50:46
    [role] => staff
    [user_id] => 59
)

[05-Apr-2025 08:52:56 Europe/Berlin] Current session data: Array
(
    [error_message] => Invalid password!
    [email] => harigovinddnair2027@mca.ajce.in
    [name] => Arnold
    [address] => 26th street
    [mobile] => 6574568564
    [gender] => Male
    [date] => 2025-03-23 23:50:46
    [role] => staff
    [user_id] => 59
)

[05-Apr-2025 08:52:56 Europe/Berlin] PHP Warning:  Undefined array key "date" in C:\xampp\htdocs\miniproject2\database gym\view_bookings.php on line 26
[05-Apr-2025 08:52:56 Europe/Berlin] Current session data: Array
(
    [error_message] => Invalid password!
    [email] => harigovinddnair2027@mca.ajce.in
    [name] => Arnold
    [address] => 26th street
    [mobile] => 6574568564
    [gender] => Male
    [date] => 2025-03-23 23:50:46
    [role] => staff
    [user_id] => 59
    [max_capacity] => 3
)

[05-Apr-2025 08:52:57 Europe/Berlin] Current session data: Array
(
    [error_message] => Invalid password!
    [email] => harigovinddnair2027@mca.ajce.in
    [name] => Arnold
    [address] => 26th street
    [mobile] => 6574568564
    [gender] => Male
    [date] => 2025-03-23 23:50:46
    [role] => staff
    [user_id] => 59
    [max_capacity] => 3
)

[05-Apr-2025 08:52:59 Europe/Berlin] Current session data: Array
(
    [error_message] => Invalid password!
    [email] => harigovinddnair2027@mca.ajce.in
    [name] => Arnold
    [address] => 26th street
    [mobile] => 6574568564
    [gender] => Male
    [date] => 2025-03-23 23:50:46
    [role] => staff
    [user_id] => 59
    [max_capacity] => 3
)

[05-Apr-2025 08:53:00 Europe/Berlin] Current session data: Array
(
    [error_message] => Invalid password!
    [email] => harigovinddnair2027@mca.ajce.in
    [name] => Arnold
    [address] => 26th street
    [mobile] => 6574568564
    [gender] => Male
    [date] => 2025-03-23 23:50:46
    [role] => staff
    [user_id] => 59
    [max_capacity] => 3
)

[05-Apr-2025 08:53:00 Europe/Berlin] Current session data: Array
(
    [error_message] => Invalid password!
    [email] => harigovinddnair2027@mca.ajce.in
    [name] => Arnold
    [address] => 26th street
    [mobile] => 6574568564
    [gender] => Male
    [date] => 2025-03-23 23:50:46
    [role] => staff
    [user_id] => 59
    [max_capacity] => 3
)

[05-Apr-2025 08:53:00 Europe/Berlin] Current session data: Array
(
    [error_message] => Invalid password!
    [email] => harigovinddnair2027@mca.ajce.in
    [name] => Arnold
    [address] => 26th street
    [mobile] => 6574568564
    [gender] => Male
    [date] => 2025-03-23 23:50:46
    [role] => staff
    [user_id] => 59
    [max_capacity] => 3
)

[05-Apr-2025 08:53:00 Europe/Berlin] Current session data: Array
(
    [error_message] => Invalid password!
    [email] => harigovinddnair2027@mca.ajce.in
    [name] => Arnold
    [address] => 26th street
    [mobile] => 6574568564
    [gender] => Male
    [date] => 2025-03-23 23:50:46
    [role] => staff
    [user_id] => 59
    [max_capacity] => 3
)

[05-Apr-2025 08:53:00 Europe/Berlin] Current session data: Array
(
    [error_message] => Invalid password!
    [email] => harigovinddnair2027@mca.ajce.in
    [name] => Arnold
    [address] => 26th street
    [mobile] => 6574568564
    [gender] => Male
    [date] => 2025-03-23 23:50:46
    [role] => staff
    [user_id] => 59
    [max_capacity] => 3
)

[05-Apr-2025 08:53:00 Europe/Berlin] Current session data: Array
(
    [error_message] => Invalid password!
    [email] => harigovinddnair2027@mca.ajce.in
    [name] => Arnold
    [address] => 26th street
    [mobile] => 6574568564
    [gender] => Male
    [date] => 2025-03-23 23:50:46
    [role] => staff
    [user_id] => 59
    [max_capacity] => 3
)

[05-Apr-2025 08:53:00 Europe/Berlin] Current session data: Array
(
    [error_message] => Invalid password!
    [email] => harigovinddnair2027@mca.ajce.in
    [name] => Arnold
    [address] => 26th street
    [mobile] => 6574568564
    [gender] => Male
    [date] => 2025-03-23 23:50:46
    [role] => staff
    [user_id] => 59
    [max_capacity] => 3
)

[05-Apr-2025 08:53:01 Europe/Berlin] Current session data: Array
(
    [error_message] => Invalid password!
    [email] => harigovinddnair2027@mca.ajce.in
    [name] => Arnold
    [address] => 26th street
    [mobile] => 6574568564
    [gender] => Male
    [date] => 2025-03-23 23:50:46
    [role] => staff
    [user_id] => 59
    [max_capacity] => 3
)

[05-Apr-2025 08:53:16 Europe/Berlin] Current session data: Array
(
    [error_message] => Invalid password!
    [email] => harigovinddnair2027@mca.ajce.in
    [name] => Arnold
    [address] => 26th street
    [mobile] => 6574568564
    [gender] => Male
    [date] => 2025-03-23 23:50:46
    [role] => staff
    [user_id] => 59
    [max_capacity] => 3
)

[05-Apr-2025 08:53:17 Europe/Berlin] Current session data: Array
(
    [error_message] => Invalid password!
    [email] => harigovinddnair2027@mca.ajce.in
    [name] => Arnold
    [address] => 26th street
    [mobile] => 6574568564
    [gender] => Male
    [date] => 2025-03-23 23:50:46
    [role] => staff
    [user_id] => 59
    [max_capacity] => 3
)

[05-Apr-2025 08:53:17 Europe/Berlin] Current session data: Array
(
    [error_message] => Invalid password!
    [email] => harigovinddnair2027@mca.ajce.in
    [name] => Arnold
    [address] => 26th street
    [mobile] => 6574568564
    [gender] => Male
    [date] => 2025-03-23 23:50:46
    [role] => staff
    [user_id] => 59
    [max_capacity] => 3
)

[05-Apr-2025 08:53:18 Europe/Berlin] Current session data: Array
(
    [error_message] => Invalid password!
    [email] => harigovinddnair2027@mca.ajce.in
    [name] => Arnold
    [address] => 26th street
    [mobile] => 6574568564
    [gender] => Male
    [date] => 2025-03-23 23:50:46
    [role] => staff
    [user_id] => 59
    [max_capacity] => 3
)

[05-Apr-2025 08:53:26 Europe/Berlin] Current session data: Array
(
    [error_message] => Invalid password!
    [email] => harigovinddnair2027@mca.ajce.in
    [name] => Arnold
    [address] => 26th street
    [mobile] => 6574568564
    [gender] => Male
    [date] => 2025-03-23 23:50:46
    [role] => staff
    [user_id] => 59
    [max_capacity] => 3
)

[05-Apr-2025 08:53:28 Europe/Berlin] Current session data: Array
(
    [error_message] => Invalid password!
    [email] => harigovinddnair2027@mca.ajce.in
    [name] => Arnold
    [address] => 26th street
    [mobile] => 6574568564
    [gender] => Male
    [date] => 2025-03-23 23:50:46
    [role] => staff
    [user_id] => 59
    [max_capacity] => 3
)

[05-Apr-2025 08:53:45 Europe/Berlin] Current session data: Array
(
    [error_message] => Invalid password!
    [email] => harigovinddnair2027@mca.ajce.in
    [name] => Arnold
    [address] => 26th street
    [mobile] => 6574568564
    [gender] => Male
    [date] => 2025-03-23 23:50:46
    [role] => staff
    [user_id] => 59
    [max_capacity] => 3
)

[05-Apr-2025 08:53:50 Europe/Berlin] Current session data: Array
(
    [error_message] => Invalid password!
    [email] => harigovinddnair2027@mca.ajce.in
    [name] => Arnold
    [address] => 26th street
    [mobile] => 6574568564
    [gender] => Male
    [date] => 2025-03-23 23:50:46
    [role] => staff
    [user_id] => 59
    [max_capacity] => 3
)

[05-Apr-2025 08:53:50 Europe/Berlin] Current session data: Array
(
    [error_message] => Invalid password!
    [email] => harigovinddnair2027@mca.ajce.in
    [name] => Arnold
    [address] => 26th street
    [mobile] => 6574568564
    [gender] => Male
    [date] => 2025-03-23 23:50:46
    [role] => staff
    [user_id] => 59
    [max_capacity] => 3
)

[05-Apr-2025 08:53:50 Europe/Berlin] Current session data: Array
(
    [error_message] => Invalid password!
    [email] => harigovinddnair2027@mca.ajce.in
    [name] => Arnold
    [address] => 26th street
    [mobile] => 6574568564
    [gender] => Male
    [date] => 2025-03-23 23:50:46
    [role] => staff
    [user_id] => 59
    [max_capacity] => 3
)

[05-Apr-2025 08:53:51 Europe/Berlin] Current session data: Array
(
    [error_message] => Invalid password!
    [email] => harigovinddnair2027@mca.ajce.in
    [name] => Arnold
    [address] => 26th street
    [mobile] => 6574568564
    [gender] => Male
    [date] => 2025-03-23 23:50:46
    [role] => staff
    [user_id] => 59
    [max_capacity] => 3
)

[05-Apr-2025 08:53:51 Europe/Berlin] Current session data: Array
(
    [error_message] => Invalid password!
    [email] => harigovinddnair2027@mca.ajce.in
    [name] => Arnold
    [address] => 26th street
    [mobile] => 6574568564
    [gender] => Male
    [date] => 2025-03-23 23:50:46
    [role] => staff
    [user_id] => 59
    [max_capacity] => 3
)

[05-Apr-2025 08:53:51 Europe/Berlin] Current session data: Array
(
    [error_message] => Invalid password!
    [email] => harigovinddnair2027@mca.ajce.in
    [name] => Arnold
    [address] => 26th street
    [mobile] => 6574568564
    [gender] => Male
    [date] => 2025-03-23 23:50:46
    [role] => staff
    [user_id] => 59
    [max_capacity] => 3
)

[05-Apr-2025 08:53:51 Europe/Berlin] Current session data: Array
(
    [error_message] => Invalid password!
    [email] => harigovinddnair2027@mca.ajce.in
    [name] => Arnold
    [address] => 26th street
    [mobile] => 6574568564
    [gender] => Male
    [date] => 2025-03-23 23:50:46
    [role] => staff
    [user_id] => 59
    [max_capacity] => 3
)

[05-Apr-2025 08:53:51 Europe/Berlin] Current session data: Array
(
    [error_message] => Invalid password!
    [email] => harigovinddnair2027@mca.ajce.in
    [name] => Arnold
    [address] => 26th street
    [mobile] => 6574568564
    [gender] => Male
    [date] => 2025-03-23 23:50:46
    [role] => staff
    [user_id] => 59
    [max_capacity] => 3
)

[05-Apr-2025 08:53:51 Europe/Berlin] Current session data: Array
(
    [error_message] => Invalid password!
    [email] => harigovinddnair2027@mca.ajce.in
    [name] => Arnold
    [address] => 26th street
    [mobile] => 6574568564
    [gender] => Male
    [date] => 2025-03-23 23:50:46
    [role] => staff
    [user_id] => 59
    [max_capacity] => 3
)

[05-Apr-2025 08:53:51 Europe/Berlin] Current session data: Array
(
    [error_message] => Invalid password!
    [email] => harigovinddnair2027@mca.ajce.in
    [name] => Arnold
    [address] => 26th street
    [mobile] => 6574568564
    [gender] => Male
    [date] => 2025-03-23 23:50:46
    [role] => staff
    [user_id] => 59
    [max_capacity] => 3
)

[05-Apr-2025 08:53:52 Europe/Berlin] Current session data: Array
(
    [error_message] => Invalid password!
    [email] => harigovinddnair2027@mca.ajce.in
    [name] => Arnold
    [address] => 26th street
    [mobile] => 6574568564
    [gender] => Male
    [date] => 2025-03-23 23:50:46
    [role] => staff
    [user_id] => 59
    [max_capacity] => 3
)

[05-Apr-2025 08:53:52 Europe/Berlin] Current session data: Array
(
    [error_message] => Invalid password!
    [email] => harigovinddnair2027@mca.ajce.in
    [name] => Arnold
    [address] => 26th street
    [mobile] => 6574568564
    [gender] => Male
    [date] => 2025-03-23 23:50:46
    [role] => staff
    [user_id] => 59
    [max_capacity] => 3
)

[05-Apr-2025 08:53:52 Europe/Berlin] Current session data: Array
(
    [error_message] => Invalid password!
    [email] => harigovinddnair2027@mca.ajce.in
    [name] => Arnold
    [address] => 26th street
    [mobile] => 6574568564
    [gender] => Male
    [date] => 2025-03-23 23:50:46
    [role] => staff
    [user_id] => 59
    [max_capacity] => 3
)

[05-Apr-2025 08:53:52 Europe/Berlin] Current session data: Array
(
    [error_message] => Invalid password!
    [email] => harigovinddnair2027@mca.ajce.in
    [name] => Arnold
    [address] => 26th street
    [mobile] => 6574568564
    [gender] => Male
    [date] => 2025-03-23 23:50:46
    [role] => staff
    [user_id] => 59
    [max_capacity] => 3
)

[05-Apr-2025 08:53:52 Europe/Berlin] Current session data: Array
(
    [error_message] => Invalid password!
    [email] => harigovinddnair2027@mca.ajce.in
    [name] => Arnold
    [address] => 26th street
    [mobile] => 6574568564
    [gender] => Male
    [date] => 2025-03-23 23:50:46
    [role] => staff
    [user_id] => 59
    [max_capacity] => 3
)

[05-Apr-2025 08:53:54 Europe/Berlin] Current session data: Array
(
    [error_message] => Invalid password!
    [email] => harigovinddnair2027@mca.ajce.in
    [name] => Arnold
    [address] => 26th street
    [mobile] => 6574568564
    [gender] => Male
    [date] => 2025-03-23 23:50:46
    [role] => staff
    [user_id] => 59
    [max_capacity] => 3
)

[05-Apr-2025 08:54:06 Europe/Berlin] Current session data: Array
(
    [error_message] => Invalid password!
    [email] => harigovinddnair2027@mca.ajce.in
    [name] => Arnold
    [address] => 26th street
    [mobile] => 6574568564
    [gender] => Male
    [date] => 2025-03-23 23:50:46
    [role] => staff
    [user_id] => 59
    [max_capacity] => 3
)

[05-Apr-2025 08:54:08 Europe/Berlin] Current session data: Array
(
    [error_message] => Invalid password!
    [email] => harigovinddnair2027@mca.ajce.in
    [name] => Arnold
    [address] => 26th street
    [mobile] => 6574568564
    [gender] => Male
    [date] => 2025-03-23 23:50:46
    [role] => staff
    [user_id] => 59
    [max_capacity] => 3
)

[05-Apr-2025 08:54:08 Europe/Berlin] Current session data: Array
(
    [error_message] => Invalid password!
    [email] => harigovinddnair2027@mca.ajce.in
    [name] => Arnold
    [address] => 26th street
    [mobile] => 6574568564
    [gender] => Male
    [date] => 2025-03-23 23:50:46
    [role] => staff
    [user_id] => 59
    [max_capacity] => 3
)

[05-Apr-2025 08:54:10 Europe/Berlin] Current session data: Array
(
    [error_message] => Invalid password!
    [email] => harigovinddnair2027@mca.ajce.in
    [name] => Arnold
    [address] => 26th street
    [mobile] => 6574568564
    [gender] => Male
    [date] => 2025-03-23 23:50:46
    [role] => staff
    [user_id] => 59
    [max_capacity] => 3
)

[05-Apr-2025 09:05:49 Europe/Berlin] Current session data: Array
(
    [email] => harigovinddnair2027@mca.ajce.in
    [name] => Arnold
    [address] => 26th street
    [mobile] => 6574568564
    [gender] => Male
    [date] => 2025-03-23 23:50:46
    [role] => staff
    [user_id] => 59
)

[05-Apr-2025 09:05:55 Europe/Berlin] Current session data: Array
(
    [email] => harigovinddnair2027@mca.ajce.in
    [name] => Arnold
    [address] => 26th street
    [mobile] => 6574568564
    [gender] => Male
    [date] => 2025-03-23 23:50:46
    [role] => staff
    [user_id] => 59
)

[05-Apr-2025 09:06:02 Europe/Berlin] Current session data: Array
(
    [email] => harigovinddnair2027@mca.ajce.in
    [name] => Arnold
    [address] => 26th street
    [mobile] => 6574568564
    [gender] => Male
    [date] => 2025-03-23 23:50:46
    [role] => staff
    [user_id] => 59
)

[05-Apr-2025 09:06:11 Europe/Berlin] Current session data: Array
(
    [email] => harigovinddnair2027@mca.ajce.in
    [name] => Arnold
    [address] => 26th street
    [mobile] => 6574568564
    [gender] => Male
    [date] => 2025-03-23 23:50:46
    [role] => staff
    [user_id] => 59
)

[05-Apr-2025 09:06:21 Europe/Berlin] Current session data: Array
(
    [email] => harigovinddnair2027@mca.ajce.in
    [name] => Arnold
    [address] => 26th street
    [mobile] => 6574568564
    [gender] => Male
    [date] => 2025-03-23 23:50:46
    [role] => staff
    [user_id] => 59
)

[05-Apr-2025 09:06:21 Europe/Berlin] Current session data: Array
(
    [email] => harigovinddnair2027@mca.ajce.in
    [name] => Arnold
    [address] => 26th street
    [mobile] => 6574568564
    [gender] => Male
    [date] => 2025-03-23 23:50:46
    [role] => staff
    [user_id] => 59
    [max_capacity] => 3
)

[05-Apr-2025 09:06:43 Europe/Berlin] Current session data: Array
(
    [email] => harigovinddnair2027@mca.ajce.in
    [name] => Arnold
    [address] => 26th street
    [mobile] => 6574568564
    [gender] => Male
    [date] => 2025-03-23 23:50:46
    [role] => staff
    [user_id] => 59
    [max_capacity] => 3
)

[05-Apr-2025 09:06:57 Europe/Berlin] Current session data: Array
(
    [email] => harigovinddnair2027@mca.ajce.in
    [name] => Arnold
    [address] => 26th street
    [mobile] => 6574568564
    [gender] => Male
    [date] => 2025-03-23 23:50:46
    [role] => staff
    [user_id] => 59
    [max_capacity] => 3
)

[05-Apr-2025 09:06:58 Europe/Berlin] Current session data: Array
(
    [email] => harigovinddnair2027@mca.ajce.in
    [name] => Arnold
    [address] => 26th street
    [mobile] => 6574568564
    [gender] => Male
    [date] => 2025-03-23 23:50:46
    [role] => staff
    [user_id] => 59
    [max_capacity] => 3
)

[05-Apr-2025 09:07:18 Europe/Berlin] Current session data: Array
(
    [email] => harigovinddnair2027@mca.ajce.in
    [name] => Arnold
    [address] => 26th street
    [mobile] => 6574568564
    [gender] => Male
    [date] => 2025-03-23 23:50:46
    [role] => staff
    [user_id] => 59
    [max_capacity] => 3
)

[05-Apr-2025 09:07:26 Europe/Berlin] Current session data: Array
(
    [email] => harigovinddnair2027@mca.ajce.in
    [name] => Arnold
    [address] => 26th street
    [mobile] => 6574568564
    [gender] => Male
    [date] => 2025-03-23 23:50:46
    [role] => staff
    [user_id] => 59
    [max_capacity] => 3
)

[05-Apr-2025 09:07:33 Europe/Berlin] Current session data: Array
(
    [email] => harigovinddnair2027@mca.ajce.in
    [name] => Arnold
    [address] => 26th street
    [mobile] => 6574568564
    [gender] => Male
    [date] => 2025-03-23 23:50:46
    [role] => staff
    [user_id] => 59
    [max_capacity] => 3
)

[05-Apr-2025 17:43:46 Europe/Berlin] Current session data: Array
(
    [email] => harigovinddnair2027@mca.ajce.in
    [name] => Arnold
    [address] => 26th street
    [mobile] => 6574568564
    [gender] => Male
    [date] => 2025-03-23 23:50:46
    [role] => staff
    [user_id] => 59
)

[05-Apr-2025 17:43:50 Europe/Berlin] Current session data: Array
(
    [email] => harigovinddnair2027@mca.ajce.in
    [name] => Arnold
    [address] => 26th street
    [mobile] => 6574568564
    [gender] => Male
    [date] => 2025-03-23 23:50:46
    [role] => staff
    [user_id] => 59
)

[05-Apr-2025 17:44:02 Europe/Berlin] Current session data: Array
(
    [email] => harigovinddnair2027@mca.ajce.in
    [name] => Arnold
    [address] => 26th street
    [mobile] => 6574568564
    [gender] => Male
    [date] => 2025-03-23 23:50:46
    [role] => staff
    [user_id] => 59
)

[07-Apr-2025 19:49:26 Europe/Berlin] Request received
[07-Apr-2025 19:49:26 Europe/Berlin] POST data: Array
(
    [full_name] => Harigovind
    [username] => hari08
    [email] => h4hari2003@gmail.com
    [mobile_no] => 6665524524
    [address] => Meenadom,Thakidi
)

[09-Apr-2025 05:42:25 Europe/Berlin] Request received
[09-Apr-2025 05:42:25 Europe/Berlin] POST data: Array
(
    [full_name] => Harigovind d nair
    [username] => hari08
    [email] => h4hari2003@gmail.com
    [mobile_no] => 6665524524
    [address] => Meenadom,Thakidi
)

[09-Apr-2025 05:52:40 Europe/Berlin] Request received
[09-Apr-2025 05:52:40 Europe/Berlin] POST data: Array
(
    [full_name] => Harigovind d nair
    [username] => hari07
    [email] => h4hari2003@gmail.com
    [mobile_no] => 6665524524
    [address] => Meenadom,Thakidi
)

